This file contains any messages produced by compilers while
running configure, to aid debugging if configure makes a mistake.

It was created by configure, which was
generated by GNU Autoconf 2.60.  Invocation command line was

  $ ./configure --prefix=/opt/projects/poof2/poof2/package

## --------- ##
## Platform. ##
## --------- ##

hostname = moria
uname -m = i686
uname -r = 2.6.18
uname -s = Linux
uname -v = #8 PREEMPT Sat Nov 18 15:45:45 CET 2006

/usr/bin/uname -p = unknown
/bin/uname -X     = unknown

/bin/arch              = i686
/usr/bin/arch -k       = unknown
/usr/convex/getsysinfo = unknown
/usr/bin/hostinfo      = unknown
/bin/machine           = unknown
/usr/bin/oslevel       = unknown
/bin/universe          = unknown

PATH: /usr/local/bin
PATH: /usr/bin
PATH: /bin
PATH: /usr/bin/X11
PATH: /usr/games
PATH: /home/abeiro/bin/


## ----------- ##
## Core tests. ##
## ----------- ##

configure:2058: checking build system type
configure:2076: result: i686-pc-linux-gnu
configure:2098: checking host system type
configure:2113: result: i686-pc-linux-gnu
configure:2135: checking target system type
configure:2150: result: i686-pc-linux-gnu
configure:2211: checking for a BSD-compatible install
configure:2267: result: /usr/bin/install -c
configure:2282: checking for -p flag to install
configure:2295: result: yes
configure:2306: checking whether build environment is sane
configure:2349: result: yes
configure:2369: checking for gawk
configure:2385: found /usr/bin/gawk
configure:2396: result: gawk
configure:2407: checking whether make sets $(MAKE)
configure:2428: result: yes
configure:2650: checking for style of include used by make
configure:2678: result: GNU
configure:2836: checking for gcc
configure:2852: found /usr/bin/gcc
configure:2863: result: gcc
configure:3101: checking for C compiler version
configure:3108: gcc --version >&5
gcc (GCC) 3.4.4 20050314 (prerelease) (Debian 3.4.3-13sarge1)
Copyright (C) 2004 Free Software Foundation, Inc.
This is free software; see the source for copying conditions.  There is NO
warranty; not even for MERCHANTABILITY or FITNESS FOR A PARTICULAR PURPOSE.

configure:3111: $? = 0
configure:3118: gcc -v >&5
Reading specs from /usr/lib/gcc/i486-linux/3.4.4/specs
Configured with: ../src/configure -v --enable-languages=c,c++,java,f77,pascal,objc,ada,treelang --prefix=/usr --libexecdir=/usr/lib --with-gxx-include-dir=/usr/include/c++/3.4 --enable-shared --with-system-zlib --enable-nls --without-included-gettext --program-suffix=-3.4 --enable-__cxa_atexit --enable-libstdcxx-allocator=mt --enable-clocale=gnu --enable-libstdcxx-debug --enable-java-gc=boehm --enable-java-awt=gtk --disable-werror i486-linux
Thread model: posix
gcc version 3.4.4 20050314 (prerelease) (Debian 3.4.3-13sarge1)
configure:3121: $? = 0
configure:3128: gcc -V >&5
gcc: `-V' option must have argument
configure:3131: $? = 1
configure:3154: checking for C compiler default output file name
configure:3181: gcc     conftest.c  >&5
configure:3184: $? = 0
configure:3230: result: a.out
configure:3235: checking whether the C compiler works
configure:3245: ./a.out
configure:3248: $? = 0
configure:3265: result: yes
configure:3272: checking whether we are cross compiling
configure:3274: result: no
configure:3277: checking for suffix of executables
configure:3284: gcc -o conftest     conftest.c  >&5
configure:3287: $? = 0
configure:3311: result: 
configure:3317: checking for suffix of object files
configure:3343: gcc -c    conftest.c >&5
configure:3346: $? = 0
configure:3369: result: o
configure:3373: checking whether we are using the GNU C compiler
configure:3402: gcc -c    conftest.c >&5
configure:3408: $? = 0
configure:3415: test -z "$ac_c_werror_flag" || test ! -s conftest.err
configure:3418: $? = 0
configure:3425: test -s conftest.o
configure:3428: $? = 0
configure:3442: result: yes
configure:3447: checking whether gcc accepts -g
configure:3477: gcc -c -g  conftest.c >&5
configure:3483: $? = 0
configure:3490: test -z "$ac_c_werror_flag" || test ! -s conftest.err
configure:3493: $? = 0
configure:3500: test -s conftest.o
configure:3503: $? = 0
configure:3633: result: yes
configure:3650: checking for gcc option to accept ISO C89
configure:3724: gcc  -c    conftest.c >&5
configure:3730: $? = 0
configure:3737: test -z "$ac_c_werror_flag" || test ! -s conftest.err
configure:3740: $? = 0
configure:3747: test -s conftest.o
configure:3750: $? = 0
configure:3770: result: none needed
configure:3790: checking dependency style of gcc
configure:3852: result: gcc3
configure:3863: checking how to run the C preprocessor
configure:3903: gcc -E  conftest.c
configure:3909: $? = 0
configure:3947: gcc -E  conftest.c
conftest.c:10:28: ac_nonexistent.h: No such file or directory
configure:3953: $? = 1
configure: failed program was:
| /* confdefs.h.  */
| #define PACKAGE_NAME ""
| #define PACKAGE_TARNAME ""
| #define PACKAGE_VERSION ""
| #define PACKAGE_STRING ""
| #define PACKAGE_BUGREPORT ""
| #define PACKAGE "poof2"
| #define VERSION "0.1"
| /* end confdefs.h.  */
| #include <ac_nonexistent.h>
configure:3993: result: gcc -E
configure:4022: gcc -E  conftest.c
configure:4028: $? = 0
configure:4066: gcc -E  conftest.c
conftest.c:10:28: ac_nonexistent.h: No such file or directory
configure:4072: $? = 1
configure: failed program was:
| /* confdefs.h.  */
| #define PACKAGE_NAME ""
| #define PACKAGE_TARNAME ""
| #define PACKAGE_VERSION ""
| #define PACKAGE_STRING ""
| #define PACKAGE_BUGREPORT ""
| #define PACKAGE "poof2"
| #define VERSION "0.1"
| /* end confdefs.h.  */
| #include <ac_nonexistent.h>
configure:4261: checking for C++ compiler version
configure:4268: g++-3.4 --version >&5
g++-3.4 (GCC) 3.4.4 20050314 (prerelease) (Debian 3.4.3-13sarge1)
Copyright (C) 2004 Free Software Foundation, Inc.
This is free software; see the source for copying conditions.  There is NO
warranty; not even for MERCHANTABILITY or FITNESS FOR A PARTICULAR PURPOSE.

configure:4271: $? = 0
configure:4278: g++-3.4 -v >&5
Reading specs from /usr/lib/gcc/i486-linux/3.4.4/specs
Configured with: ../src/configure -v --enable-languages=c,c++,java,f77,pascal,objc,ada,treelang --prefix=/usr --libexecdir=/usr/lib --with-gxx-include-dir=/usr/include/c++/3.4 --enable-shared --with-system-zlib --enable-nls --without-included-gettext --program-suffix=-3.4 --enable-__cxa_atexit --enable-libstdcxx-allocator=mt --enable-clocale=gnu --enable-libstdcxx-debug --enable-java-gc=boehm --enable-java-awt=gtk --disable-werror i486-linux
Thread model: posix
gcc version 3.4.4 20050314 (prerelease) (Debian 3.4.3-13sarge1)
configure:4281: $? = 0
configure:4288: g++-3.4 -V >&5
g++-3.4: `-V' option must have argument
configure:4291: $? = 1
configure:4294: checking whether we are using the GNU C++ compiler
configure:4323: g++-3.4 -c    conftest.cpp >&5
configure:4329: $? = 0
configure:4336: test -z "$ac_cxx_werror_flag" || test ! -s conftest.err
configure:4339: $? = 0
configure:4346: test -s conftest.o
configure:4349: $? = 0
configure:4363: result: yes
configure:4368: checking whether g++-3.4 accepts -g
configure:4398: g++-3.4 -c -g  conftest.cpp >&5
configure:4404: $? = 0
configure:4411: test -z "$ac_cxx_werror_flag" || test ! -s conftest.err
configure:4414: $? = 0
configure:4421: test -s conftest.o
configure:4424: $? = 0
configure:4554: result: yes
configure:4579: checking dependency style of g++-3.4
configure:4641: result: gcc3
configure:5101: checking whether g++-3.4 supports -Wundef
configure:5141: rm -rf SunWS_cache; g++-3.4 -o conftest -Wall -pedantic -W -Wpointer-arith -Wmissing-prototypes -Wwrite-strings -ansi -D_XOPEN_SOURCE=500 -D_BSD_SOURCE -Wcast-align -Wconversion -O2   -Wundef   conftest.cpp  1>&5
cc1plus: warning: command line option "-Wmissing-prototypes" is valid for Ada/C/ObjC/Pascal but not for C++
configure:5147: $? = 0
configure:5154: test -z "$ac_cxx_werror_flag" || test ! -s conftest.err
configure:5157: $? = 0
configure:5164: test -s conftest
configure:5167: $? = 0
configure:5190: result: yes
configure:5202: checking whether g++-3.4 supports -Wno-long-long
configure:5242: rm -rf SunWS_cache; g++-3.4 -o conftest -Wundef -Wall -pedantic -W -Wpointer-arith -Wmissing-prototypes -Wwrite-strings -ansi -D_XOPEN_SOURCE=500 -D_BSD_SOURCE -Wcast-align -Wconversion -O2   -Wno-long-long   conftest.cpp  1>&5
cc1plus: warning: command line option "-Wmissing-prototypes" is valid for Ada/C/ObjC/Pascal but not for C++
configure:5248: $? = 0
configure:5255: test -z "$ac_cxx_werror_flag" || test ! -s conftest.err
configure:5258: $? = 0
configure:5265: test -s conftest
configure:5268: $? = 0
configure:5291: result: yes
configure:5303: checking whether g++-3.4 supports -Wnon-virtual-dtor
configure:5343: rm -rf SunWS_cache; g++-3.4 -o conftest -Wno-long-long -Wundef -Wall -pedantic -W -Wpointer-arith -Wmissing-prototypes -Wwrite-strings -ansi -D_XOPEN_SOURCE=500 -D_BSD_SOURCE -Wcast-align -Wconversion -O2   -Wnon-virtual-dtor   conftest.cpp  1>&5
cc1plus: warning: command line option "-Wmissing-prototypes" is valid for Ada/C/ObjC/Pascal but not for C++
configure:5349: $? = 0
configure:5356: test -z "$ac_cxx_werror_flag" || test ! -s conftest.err
configure:5359: $? = 0
configure:5366: test -s conftest
configure:5369: $? = 0
configure:5392: result: yes
configure:5412: checking whether g++-3.4 supports -fno-exceptions
configure:5452: rm -rf SunWS_cache; g++-3.4 -o conftest -Wnon-virtual-dtor -Wno-long-long -Wundef -Wall -pedantic -W -Wpointer-arith -Wmissing-prototypes -Wwrite-strings -ansi -D_XOPEN_SOURCE=500 -D_BSD_SOURCE -Wcast-align -Wconversion -O2   -fno-exceptions   conftest.cpp  1>&5
cc1plus: warning: command line option "-Wmissing-prototypes" is valid for Ada/C/ObjC/Pascal but not for C++
configure:5458: $? = 0
configure:5465: test -z "$ac_cxx_werror_flag" || test ! -s conftest.err
configure:5468: $? = 0
configure:5475: test -s conftest
configure:5478: $? = 0
configure:5501: result: yes
configure:5513: checking whether g++-3.4 supports -fno-check-new
configure:5553: rm -rf SunWS_cache; g++-3.4 -o conftest -Wnon-virtual-dtor -Wno-long-long -Wundef -Wall -pedantic -W -Wpointer-arith -Wmissing-prototypes -Wwrite-strings -ansi -D_XOPEN_SOURCE=500 -D_BSD_SOURCE -Wcast-align -Wconversion -O2   -fno-exceptions -fno-check-new   conftest.cpp  1>&5
cc1plus: warning: command line option "-Wmissing-prototypes" is valid for Ada/C/ObjC/Pascal but not for C++
configure:5559: $? = 0
configure:5566: test -z "$ac_cxx_werror_flag" || test ! -s conftest.err
configure:5569: $? = 0
configure:5576: test -s conftest
configure:5579: $? = 0
configure:5602: result: yes
configure:5614: checking whether g++-3.4 supports -fexceptions
configure:5654: rm -rf SunWS_cache; g++-3.4 -o conftest -Wnon-virtual-dtor -Wno-long-long -Wundef -Wall -pedantic -W -Wpointer-arith -Wmissing-prototypes -Wwrite-strings -ansi -D_XOPEN_SOURCE=500 -D_BSD_SOURCE -Wcast-align -Wconversion -O2   -fno-exceptions -fno-check-new -fexceptions   conftest.cpp  1>&5
cc1plus: warning: command line option "-Wmissing-prototypes" is valid for Ada/C/ObjC/Pascal but not for C++
configure:5660: $? = 0
configure:5667: test -z "$ac_cxx_werror_flag" || test ! -s conftest.err
configure:5670: $? = 0
configure:5677: test -s conftest
configure:5680: $? = 0
configure:5703: result: yes
configure:6442: checking how to run the C++ preprocessor
configure:6478: g++-3.4 -E  conftest.cpp
configure:6484: $? = 0
configure:6522: g++-3.4 -E  conftest.cpp
conftest.cpp:10:28: ac_nonexistent.h: No such file or directory
configure:6528: $? = 1
configure: failed program was:
| /* confdefs.h.  */
| #define PACKAGE_NAME ""
| #define PACKAGE_TARNAME ""
| #define PACKAGE_VERSION ""
| #define PACKAGE_STRING ""
| #define PACKAGE_BUGREPORT ""
| #define PACKAGE "poof2"
| #define VERSION "0.1"
| /* end confdefs.h.  */
| #include <ac_nonexistent.h>
configure:6568: result: g++-3.4 -E
configure:6597: g++-3.4 -E  conftest.cpp
configure:6603: $? = 0
configure:6641: g++-3.4 -E  conftest.cpp
conftest.cpp:10:28: ac_nonexistent.h: No such file or directory
configure:6647: $? = 1
configure: failed program was:
| /* confdefs.h.  */
| #define PACKAGE_NAME ""
| #define PACKAGE_TARNAME ""
| #define PACKAGE_VERSION ""
| #define PACKAGE_STRING ""
| #define PACKAGE_BUGREPORT ""
| #define PACKAGE "poof2"
| #define VERSION "0.1"
| /* end confdefs.h.  */
| #include <ac_nonexistent.h>
configure:6714: checking whether g++-3.4 supports -frepo
configure:6754: rm -rf SunWS_cache; g++-3.4 -o conftest -Wnon-virtual-dtor -Wno-long-long -Wundef -Wall -pedantic -W -Wpointer-arith -Wmissing-prototypes -Wwrite-strings -ansi -D_XOPEN_SOURCE=500 -D_BSD_SOURCE -Wcast-align -Wconversion -O2 -fno-exceptions -fno-check-new -frepo   conftest.cpp  1>&5
cc1plus: warning: command line option "-Wmissing-prototypes" is valid for Ada/C/ObjC/Pascal but not for C++
In file included from conftest.cpp:1:
<internal>:0: warning: -frepo must be used with -c
configure:6760: $? = 0
configure:6767: test -z "$ac_cxx_werror_flag" || test ! -s conftest.err
configure:6770: $? = 0
configure:6777: test -s conftest
configure:6780: $? = 0
configure:6803: result: yes
configure:7034: result: not using lib directory suffix
configure:7090: checking for ld used by GCC
configure:7154: result: /usr/bin/ld
configure:7163: checking if the linker (/usr/bin/ld) is GNU ld
GNU ld version 2.15
configure:7175: result: yes
configure:7180: checking for /usr/bin/ld option to reload object files
configure:7187: result: -r
configure:7196: checking for BSD-compatible nm
configure:7231: result: /usr/bin/nm -B
configure:7235: checking for a sed that does not truncate output
configure:7311: result: 
configure:7314: checking whether ln -s works
configure:7318: result: yes
configure:7325: checking how to recognise dependant libraries
configure:7512: result: pass_all
configure:7582: gcc -c -ansi -W -Wall -pedantic -Wshadow -Wpointer-arith -Wmissing-prototypes -Wwrite-strings -D_XOPEN_SOURCE=500 -D_BSD_SOURCE -O2    conftest.c >&5
configure:7585: $? = 0
configure:7694: checking for grep that handles long lines and -e
configure:7768: result: /bin/grep
configure:7773: checking for egrep
configure:7851: result: /bin/grep -E
configure:7856: checking for ANSI C header files
configure:7886: gcc -c -ansi -W -Wall -pedantic -Wshadow -Wpointer-arith -Wmissing-prototypes -Wwrite-strings -D_XOPEN_SOURCE=500 -D_BSD_SOURCE -O2    conftest.c >&5
configure:7892: $? = 0
configure:7899: test -z "$ac_c_werror_flag" || test ! -s conftest.err
configure:7902: $? = 0
configure:7909: test -s conftest.o
configure:7912: $? = 0
configure:8008: gcc -o conftest -ansi -W -Wall -pedantic -Wshadow -Wpointer-arith -Wmissing-prototypes -Wwrite-strings -D_XOPEN_SOURCE=500 -D_BSD_SOURCE -O2     conftest.c  >&5
configure:8011: $? = 0
configure:8017: ./conftest
configure:8020: $? = 0
configure:8037: result: yes
configure:8061: checking for sys/types.h
configure:8082: gcc -c -ansi -W -Wall -pedantic -Wshadow -Wpointer-arith -Wmissing-prototypes -Wwrite-strings -D_XOPEN_SOURCE=500 -D_BSD_SOURCE -O2    conftest.c >&5
configure:8088: $? = 0
configure:8095: test -z "$ac_c_werror_flag" || test ! -s conftest.err
configure:8098: $? = 0
configure:8105: test -s conftest.o
configure:8108: $? = 0
configure:8121: result: yes
configure:8061: checking for sys/stat.h
configure:8082: gcc -c -ansi -W -Wall -pedantic -Wshadow -Wpointer-arith -Wmissing-prototypes -Wwrite-strings -D_XOPEN_SOURCE=500 -D_BSD_SOURCE -O2    conftest.c >&5
configure:8088: $? = 0
configure:8095: test -z "$ac_c_werror_flag" || test ! -s conftest.err
configure:8098: $? = 0
configure:8105: test -s conftest.o
configure:8108: $? = 0
configure:8121: result: yes
configure:8061: checking for stdlib.h
configure:8082: gcc -c -ansi -W -Wall -pedantic -Wshadow -Wpointer-arith -Wmissing-prototypes -Wwrite-strings -D_XOPEN_SOURCE=500 -D_BSD_SOURCE -O2    conftest.c >&5
configure:8088: $? = 0
configure:8095: test -z "$ac_c_werror_flag" || test ! -s conftest.err
configure:8098: $? = 0
configure:8105: test -s conftest.o
configure:8108: $? = 0
configure:8121: result: yes
configure:8061: checking for string.h
configure:8082: gcc -c -ansi -W -Wall -pedantic -Wshadow -Wpointer-arith -Wmissing-prototypes -Wwrite-strings -D_XOPEN_SOURCE=500 -D_BSD_SOURCE -O2    conftest.c >&5
configure:8088: $? = 0
configure:8095: test -z "$ac_c_werror_flag" || test ! -s conftest.err
configure:8098: $? = 0
configure:8105: test -s conftest.o
configure:8108: $? = 0
configure:8121: result: yes
configure:8061: checking for memory.h
configure:8082: gcc -c -ansi -W -Wall -pedantic -Wshadow -Wpointer-arith -Wmissing-prototypes -Wwrite-strings -D_XOPEN_SOURCE=500 -D_BSD_SOURCE -O2    conftest.c >&5
configure:8088: $? = 0
configure:8095: test -z "$ac_c_werror_flag" || test ! -s conftest.err
configure:8098: $? = 0
configure:8105: test -s conftest.o
configure:8108: $? = 0
configure:8121: result: yes
configure:8061: checking for strings.h
configure:8082: gcc -c -ansi -W -Wall -pedantic -Wshadow -Wpointer-arith -Wmissing-prototypes -Wwrite-strings -D_XOPEN_SOURCE=500 -D_BSD_SOURCE -O2    conftest.c >&5
configure:8088: $? = 0
configure:8095: test -z "$ac_c_werror_flag" || test ! -s conftest.err
configure:8098: $? = 0
configure:8105: test -s conftest.o
configure:8108: $? = 0
configure:8121: result: yes
configure:8061: checking for inttypes.h
configure:8082: gcc -c -ansi -W -Wall -pedantic -Wshadow -Wpointer-arith -Wmissing-prototypes -Wwrite-strings -D_XOPEN_SOURCE=500 -D_BSD_SOURCE -O2    conftest.c >&5
configure:8088: $? = 0
configure:8095: test -z "$ac_c_werror_flag" || test ! -s conftest.err
configure:8098: $? = 0
configure:8105: test -s conftest.o
configure:8108: $? = 0
configure:8121: result: yes
configure:8061: checking for stdint.h
configure:8082: gcc -c -ansi -W -Wall -pedantic -Wshadow -Wpointer-arith -Wmissing-prototypes -Wwrite-strings -D_XOPEN_SOURCE=500 -D_BSD_SOURCE -O2    conftest.c >&5
configure:8088: $? = 0
configure:8095: test -z "$ac_c_werror_flag" || test ! -s conftest.err
configure:8098: $? = 0
configure:8105: test -s conftest.o
configure:8108: $? = 0
configure:8121: result: yes
configure:8061: checking for unistd.h
configure:8082: gcc -c -ansi -W -Wall -pedantic -Wshadow -Wpointer-arith -Wmissing-prototypes -Wwrite-strings -D_XOPEN_SOURCE=500 -D_BSD_SOURCE -O2    conftest.c >&5
configure:8088: $? = 0
configure:8095: test -z "$ac_c_werror_flag" || test ! -s conftest.err
configure:8098: $? = 0
configure:8105: test -s conftest.o
configure:8108: $? = 0
configure:8121: result: yes
configure:8148: checking dlfcn.h usability
configure:8165: gcc -c -ansi -W -Wall -pedantic -Wshadow -Wpointer-arith -Wmissing-prototypes -Wwrite-strings -D_XOPEN_SOURCE=500 -D_BSD_SOURCE -O2    conftest.c >&5
configure:8171: $? = 0
configure:8178: test -z "$ac_c_werror_flag" || test ! -s conftest.err
configure:8181: $? = 0
configure:8188: test -s conftest.o
configure:8191: $? = 0
configure:8202: result: yes
configure:8206: checking dlfcn.h presence
configure:8221: gcc -E  conftest.c
configure:8227: $? = 0
configure:8248: result: yes
configure:8276: checking for dlfcn.h
configure:8284: result: yes
configure:8301: checking the maximum length of command line arguments
configure:8349: result: 32768
configure:8360: checking command to parse /usr/bin/nm -B output from gcc object
configure:8445: gcc -c -ansi -W -Wall -pedantic -Wshadow -Wpointer-arith -Wmissing-prototypes -Wwrite-strings -D_XOPEN_SOURCE=500 -D_BSD_SOURCE -O2    conftest.c >&5
conftest.c:5: warning: no previous prototype for 'nm_test_func'
configure:8448: $? = 0
configure:8452: /usr/bin/nm -B conftest.o \| sed -n -e 's/^.*[ 	]\([ABCDGISTW][ABCDGISTW]*\)[ 	][ 	]*\(\)\([_A-Za-z][_A-Za-z0-9]*\)$/\1 \2\3 \3/p' \> conftest.nm
configure:8455: $? = 0
configure:8507: gcc -o conftest -ansi -W -Wall -pedantic -Wshadow -Wpointer-arith -Wmissing-prototypes -Wwrite-strings -D_XOPEN_SOURCE=500 -D_BSD_SOURCE -O2     conftest.c conftstm.o >&5
configure:8510: $? = 0
configure:8548: result: ok
configure:8552: checking for objdir
configure:8567: result: .libs
configure:8659: checking for ranlib
configure:8675: found /usr/bin/ranlib
configure:8686: result: ranlib
configure:8755: checking for strip
configure:8771: found /usr/bin/strip
configure:8782: result: strip
configure:9059: checking if gcc static flag  works
conftest.c:1: warning: return type defaults to `int'
configure:9082: result: no
configure:9099: checking if gcc supports -fno-rtti -fno-exceptions
cc1: warning: command line option "-fno-rtti" is valid for C++/ObjC++ but not for C
cc1: warning: command line option "-fno-rtti" is valid for C++/ObjC++ but not for C
configure:9123: result: no
configure:9138: checking for gcc option to produce PIC
configure:9291: result: -fPIC
configure:9298: checking if gcc PIC flag -fPIC works
configure:9322: result: yes
configure:9346: checking if gcc supports -c -o file.o
configure:9387: result: yes
configure:9413: checking whether the gcc linker (/usr/bin/ld) supports shared libraries
configure:10244: result: yes
configure:10266: checking whether -lc should be explicitly linked in
configure:10271: gcc -c -ansi -W -Wall -pedantic -Wshadow -Wpointer-arith -Wmissing-prototypes -Wwrite-strings -D_XOPEN_SOURCE=500 -D_BSD_SOURCE -O2    conftest.c >&5
conftest.c:1: warning: 'dummy' defined but not used
configure:10274: $? = 0
configure:10288: gcc -shared conftest.o  -v -Wl,-soname -Wl,conftest -o conftest 2\>\&1 \| grep  -lc  \>/dev/null 2\>\&1
configure:10291: $? = 0
configure:10303: result: no
configure:10309: checking how to hardcode library paths into programs
configure:10333: result: immediate
configure:10347: checking whether stripping libraries is possible
configure:10352: result: yes
configure:10359: checking dynamic linker characteristics
configure:10810: result: GNU/Linux ld.so
configure:11605: checking if libtool supports shared libraries
configure:11607: result: yes
configure:11610: checking whether to build shared libraries
configure:11631: result: yes
configure:11634: checking whether to build static libraries
configure:11638: result: no
configure:11717: creating libtool
configure:12442: checking whether the g++-3.4 linker (/usr/bin/ld) supports shared libraries
configure:13145: result: yes
configure:13162: g++-3.4 -c -Wnon-virtual-dtor -Wno-long-long -Wundef -Wall -pedantic -W -Wpointer-arith -Wmissing-prototypes -Wwrite-strings -ansi -D_XOPEN_SOURCE=500 -D_BSD_SOURCE -Wcast-align -Wconversion -O2 -fno-exceptions -fno-check-new  conftest.cc >&5
cc1plus: warning: command line option "-Wmissing-prototypes" is valid for Ada/C/ObjC/Pascal but not for C++
configure:13165: $? = 0
configure:13265: checking for g++-3.4 option to produce PIC
configure:13501: result: -fPIC
configure:13508: checking if g++-3.4 PIC flag -fPIC works
cc1plus: warning: command line option "-Wmissing-prototypes" is valid for Ada/C/ObjC/Pascal but not for C++
configure:13532: result: no
configure:13556: checking if g++-3.4 supports -c -o file.o
cc1plus: warning: command line option "-Wmissing-prototypes" is valid for Ada/C/ObjC/Pascal but not for C++
configure:13597: result: no
configure:13623: checking whether the g++-3.4 linker (/usr/bin/ld) supports shared libraries
configure:13645: result: yes
configure:13667: checking whether -lc should be explicitly linked in
configure:13672: g++-3.4 -c -Wnon-virtual-dtor -Wno-long-long -Wundef -Wall -pedantic -W -Wpointer-arith -Wmissing-prototypes -Wwrite-strings -ansi -D_XOPEN_SOURCE=500 -D_BSD_SOURCE -Wcast-align -Wconversion -O2 -fno-exceptions -fno-check-new  conftest.cc >&5
cc1plus: warning: command line option "-Wmissing-prototypes" is valid for Ada/C/ObjC/Pascal but not for C++
conftest.cc:1: warning: 'dummy' defined but not used
configure:13675: $? = 0
configure:13689: g++-3.4 -shared -nostdlib  conftest.o   -v -Wl,-soname -Wl,conftest -o conftest 2\>\&1 \| grep  -lc  \>/dev/null 2\>\&1
configure:13692: $? = 1
configure:13704: result: yes
configure:13710: checking how to hardcode library paths into programs
configure:13734: result: immediate
configure:13748: checking whether stripping libraries is possible
configure:13753: result: yes
configure:13760: checking dynamic linker characteristics
configure:14211: result: GNU/Linux ld.so
configure:15421: checking if gcj supports -fno-rtti -fno-exceptions
configure:15445: result: no
configure:15460: checking for gcj option to produce PIC
configure:15613: result: -fPIC
configure:15620: checking if gcj PIC flag -fPIC works
configure:15644: result: no
configure:15668: checking if gcj supports -c -o file.o
configure:15709: result: no
configure:15735: checking whether the gcj linker (/usr/bin/ld) supports shared libraries
configure:16566: result: yes
configure:16588: checking whether -lc should be explicitly linked in
configure:16593: gcj -c -ansi -W -Wall -pedantic -Wshadow -Wpointer-arith -Wmissing-prototypes -Wwrite-strings -D_XOPEN_SOURCE=500 -D_BSD_SOURCE -O2    conftest.java >&5
./configure: line 16594: gcj: command not found
configure:16596: $? = 127
configure:16625: result: yes
configure:16631: checking how to hardcode library paths into programs
configure:16655: result: immediate
configure:16669: checking whether stripping libraries is possible
configure:16674: result: yes
configure:16681: checking dynamic linker characteristics
configure:17132: result: GNU/Linux ld.so
configure:18817: checking for msgfmt
configure:18844: result: /usr/bin/msgfmt
configure:18853: checking for gmsgfmt
configure:18884: result: /usr/bin/msgfmt
configure:18904: checking for xgettext
configure:18931: result: /usr/bin/xgettext
configure:19030: checking for main in -lutil
configure:19059: gcc -o conftest -ansi -W -Wall -pedantic -Wshadow -Wpointer-arith -Wmissing-prototypes -Wwrite-strings -D_XOPEN_SOURCE=500 -D_BSD_SOURCE -O2     conftest.c -lutil   >&5
configure:19065: $? = 0
configure:19072: test -z "$ac_c_werror_flag" || test ! -s conftest.err
configure:19075: $? = 0
configure:19082: test -s conftest
configure:19085: $? = 0
configure:19099: result: yes
configure:19105: checking for main in -lcompat
configure:19134: gcc -o conftest -ansi -W -Wall -pedantic -Wshadow -Wpointer-arith -Wmissing-prototypes -Wwrite-strings -D_XOPEN_SOURCE=500 -D_BSD_SOURCE -O2     conftest.c -lcompat   >&5
/usr/bin/ld: cannot find -lcompat
collect2: ld returned 1 exit status
configure:19140: $? = 1
configure: failed program was:
| /* confdefs.h.  */
| #define PACKAGE_NAME ""
| #define PACKAGE_TARNAME ""
| #define PACKAGE_VERSION ""
| #define PACKAGE_STRING ""
| #define PACKAGE_BUGREPORT ""
| #define PACKAGE "poof2"
| #define VERSION "0.1"
| #define HAVE_TEMPLATE_REPOSITORY 1
| #define KDELIBSUFF ""
| #define STDC_HEADERS 1
| #define HAVE_SYS_TYPES_H 1
| #define HAVE_SYS_STAT_H 1
| #define HAVE_STDLIB_H 1
| #define HAVE_STRING_H 1
| #define HAVE_MEMORY_H 1
| #define HAVE_STRINGS_H 1
| #define HAVE_INTTYPES_H 1
| #define HAVE_STDINT_H 1
| #define HAVE_UNISTD_H 1
| #define HAVE_DLFCN_H 1
| /* end confdefs.h.  */
| 
| 
| int
| main ()
| {
| return main ();
|   ;
|   return 0;
| }
configure:19174: result: no
configure:19181: checking for crypt in -lcrypt
configure:19216: gcc -o conftest -ansi -W -Wall -pedantic -Wshadow -Wpointer-arith -Wmissing-prototypes -Wwrite-strings -D_XOPEN_SOURCE=500 -D_BSD_SOURCE -O2     conftest.c -lcrypt   >&5
configure:19222: $? = 0
configure:19229: test -z "$ac_c_werror_flag" || test ! -s conftest.err
configure:19232: $? = 0
configure:19239: test -s conftest
configure:19242: $? = 0
configure:19256: result: yes
configure:19363: checking for socklen_t
configure:19406: g++-3.4 -c -Wnon-virtual-dtor -Wno-long-long -Wundef -Wall -pedantic -W -Wpointer-arith -Wmissing-prototypes -Wwrite-strings -ansi -D_XOPEN_SOURCE=500 -D_BSD_SOURCE -Wcast-align -Wconversion -O2 -fno-exceptions -fno-check-new  conftest.cpp >&5
cc1plus: warning: command line option "-Wmissing-prototypes" is valid for Ada/C/ObjC/Pascal but not for C++
configure:19412: $? = 0
configure:19419: test -z "$ac_cxx_werror_flag" || test ! -s conftest.err
configure:19422: $? = 0
configure:19429: test -s conftest.o
configure:19432: $? = 0
configure:19518: result: socklen_t
configure:19540: checking for dnet_ntoa in -ldnet
configure:19575: gcc -o conftest -ansi -W -Wall -pedantic -Wshadow -Wpointer-arith -Wmissing-prototypes -Wwrite-strings -D_XOPEN_SOURCE=500 -D_BSD_SOURCE -O2     conftest.c -ldnet   >&5
/usr/bin/ld: cannot find -ldnet
collect2: ld returned 1 exit status
configure:19581: $? = 1
configure: failed program was:
| /* confdefs.h.  */
| #define PACKAGE_NAME ""
| #define PACKAGE_TARNAME ""
| #define PACKAGE_VERSION ""
| #define PACKAGE_STRING ""
| #define PACKAGE_BUGREPORT ""
| #define PACKAGE "poof2"
| #define VERSION "0.1"
| #define HAVE_TEMPLATE_REPOSITORY 1
| #define KDELIBSUFF ""
| #define STDC_HEADERS 1
| #define HAVE_SYS_TYPES_H 1
| #define HAVE_SYS_STAT_H 1
| #define HAVE_STDLIB_H 1
| #define HAVE_STRING_H 1
| #define HAVE_MEMORY_H 1
| #define HAVE_STRINGS_H 1
| #define HAVE_INTTYPES_H 1
| #define HAVE_STDINT_H 1
| #define HAVE_UNISTD_H 1
| #define HAVE_DLFCN_H 1
| #define HAVE_CRYPT 1
| #define ksize_t socklen_t
| /* end confdefs.h.  */
| 
| /* Override any GCC internal prototype to avoid an error.
|    Use char because int might match the return type of a GCC
|    builtin and then its argument prototype would still apply.  */
| #ifdef __cplusplus
| extern "C"
| #endif
| char dnet_ntoa ();
| int
| main ()
| {
| return dnet_ntoa ();
|   ;
|   return 0;
| }
configure:19615: result: no
configure:19622: checking for dnet_ntoa in -ldnet_stub
configure:19657: gcc -o conftest -ansi -W -Wall -pedantic -Wshadow -Wpointer-arith -Wmissing-prototypes -Wwrite-strings -D_XOPEN_SOURCE=500 -D_BSD_SOURCE -O2     conftest.c -ldnet_stub   >&5
/usr/bin/ld: cannot find -ldnet_stub
collect2: ld returned 1 exit status
configure:19663: $? = 1
configure: failed program was:
| /* confdefs.h.  */
| #define PACKAGE_NAME ""
| #define PACKAGE_TARNAME ""
| #define PACKAGE_VERSION ""
| #define PACKAGE_STRING ""
| #define PACKAGE_BUGREPORT ""
| #define PACKAGE "poof2"
| #define VERSION "0.1"
| #define HAVE_TEMPLATE_REPOSITORY 1
| #define KDELIBSUFF ""
| #define STDC_HEADERS 1
| #define HAVE_SYS_TYPES_H 1
| #define HAVE_SYS_STAT_H 1
| #define HAVE_STDLIB_H 1
| #define HAVE_STRING_H 1
| #define HAVE_MEMORY_H 1
| #define HAVE_STRINGS_H 1
| #define HAVE_INTTYPES_H 1
| #define HAVE_STDINT_H 1
| #define HAVE_UNISTD_H 1
| #define HAVE_DLFCN_H 1
| #define HAVE_CRYPT 1
| #define ksize_t socklen_t
| /* end confdefs.h.  */
| 
| /* Override any GCC internal prototype to avoid an error.
|    Use char because int might match the return type of a GCC
|    builtin and then its argument prototype would still apply.  */
| #ifdef __cplusplus
| extern "C"
| #endif
| char dnet_ntoa ();
| int
| main ()
| {
| return dnet_ntoa ();
|   ;
|   return 0;
| }
configure:19697: result: no
configure:19704: checking for inet_ntoa
configure:19760: gcc -o conftest -ansi -W -Wall -pedantic -Wshadow -Wpointer-arith -Wmissing-prototypes -Wwrite-strings -D_XOPEN_SOURCE=500 -D_BSD_SOURCE -O2     conftest.c  >&5
configure:19766: $? = 0
configure:19773: test -z "$ac_c_werror_flag" || test ! -s conftest.err
configure:19776: $? = 0
configure:19783: test -s conftest
configure:19786: $? = 0
configure:19799: result: yes
configure:19885: checking for connect
configure:19941: gcc -o conftest -ansi -W -Wall -pedantic -Wshadow -Wpointer-arith -Wmissing-prototypes -Wwrite-strings -D_XOPEN_SOURCE=500 -D_BSD_SOURCE -O2     conftest.c  >&5
configure:19947: $? = 0
configure:19954: test -z "$ac_c_werror_flag" || test ! -s conftest.err
configure:19957: $? = 0
configure:19964: test -s conftest
configure:19967: $? = 0
configure:19980: result: yes
configure:20067: checking for remove
configure:20123: gcc -o conftest -ansi -W -Wall -pedantic -Wshadow -Wpointer-arith -Wmissing-prototypes -Wwrite-strings -D_XOPEN_SOURCE=500 -D_BSD_SOURCE -O2     conftest.c  >&5
configure:20129: $? = 0
configure:20136: test -z "$ac_c_werror_flag" || test ! -s conftest.err
configure:20139: $? = 0
configure:20146: test -s conftest
configure:20149: $? = 0
configure:20162: result: yes
configure:20250: checking for shmat
configure:20306: gcc -o conftest -ansi -W -Wall -pedantic -Wshadow -Wpointer-arith -Wmissing-prototypes -Wwrite-strings -D_XOPEN_SOURCE=500 -D_BSD_SOURCE -O2     conftest.c  >&5
configure:20312: $? = 0
configure:20319: test -z "$ac_c_werror_flag" || test ! -s conftest.err
configure:20322: $? = 0
configure:20329: test -s conftest
configure:20332: $? = 0
configure:20345: result: yes
configure:20450: checking crt_externs.h usability
configure:20467: gcc -c -ansi -W -Wall -pedantic -Wshadow -Wpointer-arith -Wmissing-prototypes -Wwrite-strings -D_XOPEN_SOURCE=500 -D_BSD_SOURCE -O2    conftest.c >&5
conftest.c:58:25: crt_externs.h: No such file or directory
configure:20473: $? = 1
configure: failed program was:
| /* confdefs.h.  */
| #define PACKAGE_NAME ""
| #define PACKAGE_TARNAME ""
| #define PACKAGE_VERSION ""
| #define PACKAGE_STRING ""
| #define PACKAGE_BUGREPORT ""
| #define PACKAGE "poof2"
| #define VERSION "0.1"
| #define HAVE_TEMPLATE_REPOSITORY 1
| #define KDELIBSUFF ""
| #define STDC_HEADERS 1
| #define HAVE_SYS_TYPES_H 1
| #define HAVE_SYS_STAT_H 1
| #define HAVE_STDLIB_H 1
| #define HAVE_STRING_H 1
| #define HAVE_MEMORY_H 1
| #define HAVE_STRINGS_H 1
| #define HAVE_INTTYPES_H 1
| #define HAVE_STDINT_H 1
| #define HAVE_UNISTD_H 1
| #define HAVE_DLFCN_H 1
| #define HAVE_CRYPT 1
| #define ksize_t socklen_t
| /* end confdefs.h.  */
| #include <stdio.h>
| #if HAVE_SYS_TYPES_H
| # include <sys/types.h>
| #endif
| #if HAVE_SYS_STAT_H
| # include <sys/stat.h>
| #endif
| #if STDC_HEADERS
| # include <stdlib.h>
| # include <stddef.h>
| #else
| # if HAVE_STDLIB_H
| #  include <stdlib.h>
| # endif
| #endif
| #if HAVE_STRING_H
| # if !STDC_HEADERS && HAVE_MEMORY_H
| #  include <memory.h>
| # endif
| # include <string.h>
| #endif
| #if HAVE_STRINGS_H
| # include <strings.h>
| #endif
| #if HAVE_INTTYPES_H
| # include <inttypes.h>
| #endif
| #if HAVE_STDINT_H
| # include <stdint.h>
| #endif
| #if HAVE_UNISTD_H
| # include <unistd.h>
| #endif
| #include <crt_externs.h>
configure:20504: result: no
configure:20508: checking crt_externs.h presence
configure:20523: gcc -E  conftest.c
conftest.c:25:25: crt_externs.h: No such file or directory
configure:20529: $? = 1
configure: failed program was:
| /* confdefs.h.  */
| #define PACKAGE_NAME ""
| #define PACKAGE_TARNAME ""
| #define PACKAGE_VERSION ""
| #define PACKAGE_STRING ""
| #define PACKAGE_BUGREPORT ""
| #define PACKAGE "poof2"
| #define VERSION "0.1"
| #define HAVE_TEMPLATE_REPOSITORY 1
| #define KDELIBSUFF ""
| #define STDC_HEADERS 1
| #define HAVE_SYS_TYPES_H 1
| #define HAVE_SYS_STAT_H 1
| #define HAVE_STDLIB_H 1
| #define HAVE_STRING_H 1
| #define HAVE_MEMORY_H 1
| #define HAVE_STRINGS_H 1
| #define HAVE_INTTYPES_H 1
| #define HAVE_STDINT_H 1
| #define HAVE_UNISTD_H 1
| #define HAVE_DLFCN_H 1
| #define HAVE_CRYPT 1
| #define ksize_t socklen_t
| /* end confdefs.h.  */
| #include <crt_externs.h>
configure:20550: result: no
configure:20578: checking for crt_externs.h
configure:20586: result: no
configure:20599: checking for _NSGetEnviron
configure:20655: gcc -o conftest -ansi -W -Wall -pedantic -Wshadow -Wpointer-arith -Wmissing-prototypes -Wwrite-strings -D_XOPEN_SOURCE=500 -D_BSD_SOURCE -O2     conftest.c  >&5
/tmp/ccsoMj54.o(.text+0xd): In function `main':
: undefined reference to `_NSGetEnviron'
collect2: ld returned 1 exit status
configure:20661: $? = 1
configure: failed program was:
| /* confdefs.h.  */
| #define PACKAGE_NAME ""
| #define PACKAGE_TARNAME ""
| #define PACKAGE_VERSION ""
| #define PACKAGE_STRING ""
| #define PACKAGE_BUGREPORT ""
| #define PACKAGE "poof2"
| #define VERSION "0.1"
| #define HAVE_TEMPLATE_REPOSITORY 1
| #define KDELIBSUFF ""
| #define STDC_HEADERS 1
| #define HAVE_SYS_TYPES_H 1
| #define HAVE_SYS_STAT_H 1
| #define HAVE_STDLIB_H 1
| #define HAVE_STRING_H 1
| #define HAVE_MEMORY_H 1
| #define HAVE_STRINGS_H 1
| #define HAVE_INTTYPES_H 1
| #define HAVE_STDINT_H 1
| #define HAVE_UNISTD_H 1
| #define HAVE_DLFCN_H 1
| #define HAVE_CRYPT 1
| #define ksize_t socklen_t
| /* end confdefs.h.  */
| /* Define _NSGetEnviron to an innocuous variant, in case <limits.h> declares _NSGetEnviron.
|    For example, HP-UX 11i <limits.h> declares gettimeofday.  */
| #define _NSGetEnviron innocuous__NSGetEnviron
| 
| /* System header to define __stub macros and hopefully few prototypes,
|     which can conflict with char _NSGetEnviron (); below.
|     Prefer <limits.h> to <assert.h> if __STDC__ is defined, since
|     <limits.h> exists even on freestanding compilers.  */
| 
| #ifdef __STDC__
| # include <limits.h>
| #else
| # include <assert.h>
| #endif
| 
| #undef _NSGetEnviron
| 
| /* Override any GCC internal prototype to avoid an error.
|    Use char because int might match the return type of a GCC
|    builtin and then its argument prototype would still apply.  */
| #ifdef __cplusplus
| extern "C"
| #endif
| char _NSGetEnviron ();
| /* The GNU C library defines this for functions which it implements
|     to always fail with ENOSYS.  Some functions are actually named
|     something starting with __ and the normal name is an alias.  */
| #if defined __stub__NSGetEnviron || defined __stub____NSGetEnviron
| choke me
| #endif
| 
| int
| main ()
| {
| return _NSGetEnviron ();
|   ;
|   return 0;
| }
configure:20694: result: no
configure:20712: checking for sys/types.h
configure:20718: result: yes
configure:20712: checking for stdint.h
configure:20718: result: yes
configure:20873: checking for poll in -lpoll
configure:20908: gcc -o conftest -ansi -W -Wall -pedantic -Wshadow -Wpointer-arith -Wmissing-prototypes -Wwrite-strings -D_XOPEN_SOURCE=500 -D_BSD_SOURCE -O2     conftest.c -lpoll   >&5
/usr/bin/ld: cannot find -lpoll
collect2: ld returned 1 exit status
configure:20914: $? = 1
configure: failed program was:
| /* confdefs.h.  */
| #define PACKAGE_NAME ""
| #define PACKAGE_TARNAME ""
| #define PACKAGE_VERSION ""
| #define PACKAGE_STRING ""
| #define PACKAGE_BUGREPORT ""
| #define PACKAGE "poof2"
| #define VERSION "0.1"
| #define HAVE_TEMPLATE_REPOSITORY 1
| #define KDELIBSUFF ""
| #define STDC_HEADERS 1
| #define HAVE_SYS_TYPES_H 1
| #define HAVE_SYS_STAT_H 1
| #define HAVE_STDLIB_H 1
| #define HAVE_STRING_H 1
| #define HAVE_MEMORY_H 1
| #define HAVE_STRINGS_H 1
| #define HAVE_INTTYPES_H 1
| #define HAVE_STDINT_H 1
| #define HAVE_UNISTD_H 1
| #define HAVE_DLFCN_H 1
| #define HAVE_CRYPT 1
| #define ksize_t socklen_t
| #define HAVE_SYS_TYPES_H 1
| #define HAVE_STDINT_H 1
| /* end confdefs.h.  */
| 
| /* Override any GCC internal prototype to avoid an error.
|    Use char because int might match the return type of a GCC
|    builtin and then its argument prototype would still apply.  */
| #ifdef __cplusplus
| extern "C"
| #endif
| char poll ();
| int
| main ()
| {
| return poll ();
|   ;
|   return 0;
| }
configure:20948: result: no
configure:20966: checking CoreAudio/CoreAudio.h usability
configure:20983: gcc -c -ansi -W -Wall -pedantic -Wshadow -Wpointer-arith -Wmissing-prototypes -Wwrite-strings -D_XOPEN_SOURCE=500 -D_BSD_SOURCE -O2    conftest.c >&5
conftest.c:60:33: CoreAudio/CoreAudio.h: No such file or directory
configure:20989: $? = 1
configure: failed program was:
| /* confdefs.h.  */
| #define PACKAGE_NAME ""
| #define PACKAGE_TARNAME ""
| #define PACKAGE_VERSION ""
| #define PACKAGE_STRING ""
| #define PACKAGE_BUGREPORT ""
| #define PACKAGE "poof2"
| #define VERSION "0.1"
| #define HAVE_TEMPLATE_REPOSITORY 1
| #define KDELIBSUFF ""
| #define STDC_HEADERS 1
| #define HAVE_SYS_TYPES_H 1
| #define HAVE_SYS_STAT_H 1
| #define HAVE_STDLIB_H 1
| #define HAVE_STRING_H 1
| #define HAVE_MEMORY_H 1
| #define HAVE_STRINGS_H 1
| #define HAVE_INTTYPES_H 1
| #define HAVE_STDINT_H 1
| #define HAVE_UNISTD_H 1
| #define HAVE_DLFCN_H 1
| #define HAVE_CRYPT 1
| #define ksize_t socklen_t
| #define HAVE_SYS_TYPES_H 1
| #define HAVE_STDINT_H 1
| /* end confdefs.h.  */
| #include <stdio.h>
| #if HAVE_SYS_TYPES_H
| # include <sys/types.h>
| #endif
| #if HAVE_SYS_STAT_H
| # include <sys/stat.h>
| #endif
| #if STDC_HEADERS
| # include <stdlib.h>
| # include <stddef.h>
| #else
| # if HAVE_STDLIB_H
| #  include <stdlib.h>
| # endif
| #endif
| #if HAVE_STRING_H
| # if !STDC_HEADERS && HAVE_MEMORY_H
| #  include <memory.h>
| # endif
| # include <string.h>
| #endif
| #if HAVE_STRINGS_H
| # include <strings.h>
| #endif
| #if HAVE_INTTYPES_H
| # include <inttypes.h>
| #endif
| #if HAVE_STDINT_H
| # include <stdint.h>
| #endif
| #if HAVE_UNISTD_H
| # include <unistd.h>
| #endif
| #include <CoreAudio/CoreAudio.h>
configure:21020: result: no
configure:21024: checking CoreAudio/CoreAudio.h presence
configure:21039: gcc -E  conftest.c
conftest.c:27:33: CoreAudio/CoreAudio.h: No such file or directory
configure:21045: $? = 1
configure: failed program was:
| /* confdefs.h.  */
| #define PACKAGE_NAME ""
| #define PACKAGE_TARNAME ""
| #define PACKAGE_VERSION ""
| #define PACKAGE_STRING ""
| #define PACKAGE_BUGREPORT ""
| #define PACKAGE "poof2"
| #define VERSION "0.1"
| #define HAVE_TEMPLATE_REPOSITORY 1
| #define KDELIBSUFF ""
| #define STDC_HEADERS 1
| #define HAVE_SYS_TYPES_H 1
| #define HAVE_SYS_STAT_H 1
| #define HAVE_STDLIB_H 1
| #define HAVE_STRING_H 1
| #define HAVE_MEMORY_H 1
| #define HAVE_STRINGS_H 1
| #define HAVE_INTTYPES_H 1
| #define HAVE_STDINT_H 1
| #define HAVE_UNISTD_H 1
| #define HAVE_DLFCN_H 1
| #define HAVE_CRYPT 1
| #define ksize_t socklen_t
| #define HAVE_SYS_TYPES_H 1
| #define HAVE_STDINT_H 1
| /* end confdefs.h.  */
| #include <CoreAudio/CoreAudio.h>
configure:21066: result: no
configure:21094: checking for CoreAudio/CoreAudio.h
configure:21101: result: no
configure:21119: checking if res_init needs -lresolv
configure:21151: gcc -o conftest -ansi -W -Wall -pedantic -Wshadow -Wpointer-arith -Wmissing-prototypes -Wwrite-strings -D_XOPEN_SOURCE=500 -D_BSD_SOURCE -O2     conftest.c   -lresolv >&5
configure:21157: $? = 0
configure:21164: test -z "$ac_c_werror_flag" || test ! -s conftest.err
configure:21167: $? = 0
configure:21174: test -s conftest
configure:21177: $? = 0
configure:21181: result: yes
configure:21203: checking if res_init is available
configure:21233: gcc -c -ansi -W -Wall -pedantic -Wshadow -Wpointer-arith -Wmissing-prototypes -Wwrite-strings -D_XOPEN_SOURCE=500 -D_BSD_SOURCE -O2    conftest.c >&5
configure:21239: $? = 0
configure:21246: test -z "$ac_c_werror_flag" || test ! -s conftest.err
configure:21249: $? = 0
configure:21256: test -s conftest.o
configure:21259: $? = 0
configure:21262: result: yes
configure:21286: checking for killpg in -lucb
configure:21321: gcc -o conftest -ansi -W -Wall -pedantic -Wshadow -Wpointer-arith -Wmissing-prototypes -Wwrite-strings -D_XOPEN_SOURCE=500 -D_BSD_SOURCE -O2     conftest.c -lucb   >&5
/usr/bin/ld: cannot find -lucb
collect2: ld returned 1 exit status
configure:21327: $? = 1
configure: failed program was:
| /* confdefs.h.  */
| #define PACKAGE_NAME ""
| #define PACKAGE_TARNAME ""
| #define PACKAGE_VERSION ""
| #define PACKAGE_STRING ""
| #define PACKAGE_BUGREPORT ""
| #define PACKAGE "poof2"
| #define VERSION "0.1"
| #define HAVE_TEMPLATE_REPOSITORY 1
| #define KDELIBSUFF ""
| #define STDC_HEADERS 1
| #define HAVE_SYS_TYPES_H 1
| #define HAVE_SYS_STAT_H 1
| #define HAVE_STDLIB_H 1
| #define HAVE_STRING_H 1
| #define HAVE_MEMORY_H 1
| #define HAVE_STRINGS_H 1
| #define HAVE_INTTYPES_H 1
| #define HAVE_STDINT_H 1
| #define HAVE_UNISTD_H 1
| #define HAVE_DLFCN_H 1
| #define HAVE_CRYPT 1
| #define ksize_t socklen_t
| #define HAVE_SYS_TYPES_H 1
| #define HAVE_STDINT_H 1
| #define HAVE_RES_INIT 1
| #define HAVE_RES_INIT 1
| /* end confdefs.h.  */
| 
| /* Override any GCC internal prototype to avoid an error.
|    Use char because int might match the return type of a GCC
|    builtin and then its argument prototype would still apply.  */
| #ifdef __cplusplus
| extern "C"
| #endif
| char killpg ();
| int
| main ()
| {
| return killpg ();
|   ;
|   return 0;
| }
configure:21361: result: no
configure:21457: checking for int
configure:21487: gcc -c -ansi -W -Wall -pedantic -Wshadow -Wpointer-arith -Wmissing-prototypes -Wwrite-strings -D_XOPEN_SOURCE=500 -D_BSD_SOURCE -O2    conftest.c >&5
configure:21493: $? = 0
configure:21500: test -z "$ac_c_werror_flag" || test ! -s conftest.err
configure:21503: $? = 0
configure:21510: test -s conftest.o
configure:21513: $? = 0
configure:21525: result: yes
configure:21528: checking size of int
configure:21916: gcc -o conftest -ansi -W -Wall -pedantic -Wshadow -Wpointer-arith -Wmissing-prototypes -Wwrite-strings -D_XOPEN_SOURCE=500 -D_BSD_SOURCE -O2     conftest.c  >&5
configure:21919: $? = 0
configure:21925: ./conftest
configure:21928: $? = 0
configure:21950: result: 4
configure:21956: checking for long
configure:21986: gcc -c -ansi -W -Wall -pedantic -Wshadow -Wpointer-arith -Wmissing-prototypes -Wwrite-strings -D_XOPEN_SOURCE=500 -D_BSD_SOURCE -O2    conftest.c >&5
configure:21992: $? = 0
configure:21999: test -z "$ac_c_werror_flag" || test ! -s conftest.err
configure:22002: $? = 0
configure:22009: test -s conftest.o
configure:22012: $? = 0
configure:22024: result: yes
configure:22027: checking size of long
configure:22415: gcc -o conftest -ansi -W -Wall -pedantic -Wshadow -Wpointer-arith -Wmissing-prototypes -Wwrite-strings -D_XOPEN_SOURCE=500 -D_BSD_SOURCE -O2     conftest.c  >&5
configure:22418: $? = 0
configure:22424: ./conftest
configure:22427: $? = 0
configure:22449: result: 4
configure:22455: checking for char *
configure:22485: gcc -c -ansi -W -Wall -pedantic -Wshadow -Wpointer-arith -Wmissing-prototypes -Wwrite-strings -D_XOPEN_SOURCE=500 -D_BSD_SOURCE -O2    conftest.c >&5
configure:22491: $? = 0
configure:22498: test -z "$ac_c_werror_flag" || test ! -s conftest.err
configure:22501: $? = 0
configure:22508: test -s conftest.o
configure:22511: $? = 0
configure:22523: result: yes
configure:22526: checking size of char *
configure:22914: gcc -o conftest -ansi -W -Wall -pedantic -Wshadow -Wpointer-arith -Wmissing-prototypes -Wwrite-strings -D_XOPEN_SOURCE=500 -D_BSD_SOURCE -O2     conftest.c  >&5
configure:22917: $? = 0
configure:22923: ./conftest
configure:22926: $? = 0
configure:22948: result: 4
configure:22954: checking for char
configure:22984: gcc -c -ansi -W -Wall -pedantic -Wshadow -Wpointer-arith -Wmissing-prototypes -Wwrite-strings -D_XOPEN_SOURCE=500 -D_BSD_SOURCE -O2    conftest.c >&5
configure:22990: $? = 0
configure:22997: test -z "$ac_c_werror_flag" || test ! -s conftest.err
configure:23000: $? = 0
configure:23007: test -s conftest.o
configure:23010: $? = 0
configure:23022: result: yes
configure:23025: checking size of char
configure:23413: gcc -o conftest -ansi -W -Wall -pedantic -Wshadow -Wpointer-arith -Wmissing-prototypes -Wwrite-strings -D_XOPEN_SOURCE=500 -D_BSD_SOURCE -O2     conftest.c  >&5
configure:23416: $? = 0
configure:23422: ./conftest
configure:23425: $? = 0
configure:23447: result: 1
configure:23455: checking for dlopen in -ldl
configure:23490: gcc -o conftest -ansi -W -Wall -pedantic -Wshadow -Wpointer-arith -Wmissing-prototypes -Wwrite-strings -D_XOPEN_SOURCE=500 -D_BSD_SOURCE -O2     conftest.c -ldl   >&5
configure:23496: $? = 0
configure:23503: test -z "$ac_c_werror_flag" || test ! -s conftest.err
configure:23506: $? = 0
configure:23513: test -s conftest
configure:23516: $? = 0
configure:23530: result: yes
configure:23540: checking for shl_unload in -ldld
configure:23575: gcc -o conftest -ansi -W -Wall -pedantic -Wshadow -Wpointer-arith -Wmissing-prototypes -Wwrite-strings -D_XOPEN_SOURCE=500 -D_BSD_SOURCE -O2     conftest.c -ldld   >&5
/usr/bin/ld: cannot find -ldld
collect2: ld returned 1 exit status
configure:23581: $? = 1
configure: failed program was:
| /* confdefs.h.  */
| #define PACKAGE_NAME ""
| #define PACKAGE_TARNAME ""
| #define PACKAGE_VERSION ""
| #define PACKAGE_STRING ""
| #define PACKAGE_BUGREPORT ""
| #define PACKAGE "poof2"
| #define VERSION "0.1"
| #define HAVE_TEMPLATE_REPOSITORY 1
| #define KDELIBSUFF ""
| #define STDC_HEADERS 1
| #define HAVE_SYS_TYPES_H 1
| #define HAVE_SYS_STAT_H 1
| #define HAVE_STDLIB_H 1
| #define HAVE_STRING_H 1
| #define HAVE_MEMORY_H 1
| #define HAVE_STRINGS_H 1
| #define HAVE_INTTYPES_H 1
| #define HAVE_STDINT_H 1
| #define HAVE_UNISTD_H 1
| #define HAVE_DLFCN_H 1
| #define HAVE_CRYPT 1
| #define ksize_t socklen_t
| #define HAVE_SYS_TYPES_H 1
| #define HAVE_STDINT_H 1
| #define HAVE_RES_INIT 1
| #define HAVE_RES_INIT 1
| #define SIZEOF_INT 4
| #define SIZEOF_LONG 4
| #define SIZEOF_CHAR_P 4
| #define SIZEOF_CHAR 1
| /* end confdefs.h.  */
| 
| /* Override any GCC internal prototype to avoid an error.
|    Use char because int might match the return type of a GCC
|    builtin and then its argument prototype would still apply.  */
| #ifdef __cplusplus
| extern "C"
| #endif
| char shl_unload ();
| int
| main ()
| {
| return shl_unload ();
|   ;
|   return 0;
| }
configure:23615: result: no
configure:23636: checking for vsnprintf
configure:23692: gcc -o conftest -ansi -W -Wall -pedantic -Wshadow -Wpointer-arith -Wmissing-prototypes -Wwrite-strings -D_XOPEN_SOURCE=500 -D_BSD_SOURCE -O2     conftest.c  >&5
configure:23698: $? = 0
configure:23705: test -z "$ac_c_werror_flag" || test ! -s conftest.err
configure:23708: $? = 0
configure:23715: test -s conftest
configure:23718: $? = 0
configure:23732: result: yes
configure:23636: checking for snprintf
configure:23692: gcc -o conftest -ansi -W -Wall -pedantic -Wshadow -Wpointer-arith -Wmissing-prototypes -Wwrite-strings -D_XOPEN_SOURCE=500 -D_BSD_SOURCE -O2     conftest.c  >&5
configure:23698: $? = 0
configure:23705: test -z "$ac_c_werror_flag" || test ! -s conftest.err
configure:23708: $? = 0
configure:23715: test -s conftest
configure:23718: $? = 0
configure:23732: result: yes
configure:23770: checking for X
configure:23819: gcc -E  conftest.c
configure:23825: $? = 0
configure:23922: gcc -o conftest -ansi -W -Wall -pedantic -Wshadow -Wpointer-arith -Wmissing-prototypes -Wwrite-strings -D_XOPEN_SOURCE=500 -D_BSD_SOURCE -O2     conftest.c -lXt  >&5
conftest.c: In function `main':
conftest.c:39: warning: implicit declaration of function `XtMalloc'
configure:23928: $? = 0
configure:23935: test -z "$ac_c_werror_flag" || test ! -s conftest.err
configure:23938: $? = 0
configure:23945: test -s conftest
configure:23948: $? = 0
configure:24100: result: libraries /usr/X11R6/lib, headers .
configure:24134: checking for IceConnectionNumber in -lICE
configure:24169: gcc -o conftest -ansi -W -Wall -pedantic -Wshadow -Wpointer-arith -Wmissing-prototypes -Wwrite-strings -D_XOPEN_SOURCE=500 -D_BSD_SOURCE -O2     -L/usr/X11R6/lib conftest.c -lICE   >&5
configure:24175: $? = 0
configure:24182: test -z "$ac_c_werror_flag" || test ! -s conftest.err
configure:24185: $? = 0
configure:24192: test -s conftest
configure:24195: $? = 0
configure:24209: result: yes
configure:24223: checking for libXext
configure:24263: gcc -o conftest -ansi -W -Wall -pedantic -Wshadow -Wpointer-arith -Wmissing-prototypes -Wwrite-strings -D_XOPEN_SOURCE=500 -D_BSD_SOURCE -O2     -L/usr/X11R6/lib  conftest.c -lXext -lX11  >&5
configure:24269: $? = 0
configure:24276: test -z "$ac_c_werror_flag" || test ! -s conftest.err
configure:24279: $? = 0
configure:24286: test -s conftest
configure:24289: $? = 0
configure:24309: result: yes
configure:24322: checking for Xinerama
configure:24419: result: no
configure:24475: checking for pthread_create in -lpthread
configure:24510: gcc -o conftest -ansi -W -Wall -pedantic -Wshadow -Wpointer-arith -Wmissing-prototypes -Wwrite-strings -D_XOPEN_SOURCE=500 -D_BSD_SOURCE -O2     conftest.c -lpthread   >&5
configure:24516: $? = 0
configure:24523: test -z "$ac_c_werror_flag" || test ! -s conftest.err
configure:24526: $? = 0
configure:24533: test -s conftest
configure:24536: $? = 0
configure:24550: result: yes
configure:25061: checking for extra includes
configure:25089: result: no
configure:25093: checking for extra libs
configure:25122: result: no
configure:25128: checking for libz
configure:25167: gcc -o conftest -ansi -W -Wall -pedantic -Wshadow -Wpointer-arith -Wmissing-prototypes -Wwrite-strings -D_XOPEN_SOURCE=500 -D_BSD_SOURCE -O2   -I.   -D_REENTRANT  conftest.c -L/usr/X11R6/lib  -lz  >&5
configure:25173: $? = 0
configure:25180: test -z "$ac_c_werror_flag" || test ! -s conftest.err
configure:25183: $? = 0
configure:25190: test -s conftest
configure:25193: $? = 0
configure:25217: result: -lz
configure:25230: checking for libpng
configure:25277: gcc -o conftest -ansi -W -Wall -pedantic -Wshadow -Wpointer-arith -Wmissing-prototypes -Wwrite-strings -D_XOPEN_SOURCE=500 -D_BSD_SOURCE -O2   -I.   -D_REENTRANT  conftest.c  -L/usr/X11R6/lib  -lpng -lz -lm -lX11  >&5
configure:25283: $? = 0
configure:25290: test -z "$ac_c_werror_flag" || test ! -s conftest.err
configure:25293: $? = 0
configure:25300: test -s conftest
configure:25303: $? = 0
configure:25328: result: -lpng -lz -lm
configure:25339: checking for libjpeg6b
configure:25390: gcc -o conftest -ansi -W -Wall -pedantic -Wshadow -Wpointer-arith -Wmissing-prototypes -Wwrite-strings -D_XOPEN_SOURCE=500 -D_BSD_SOURCE -O2   -I.   -D_REENTRANT  conftest.c -L/usr/X11R6/lib  -ljpeg6b -lm >&5
/usr/bin/ld: cannot find -ljpeg6b
collect2: ld returned 1 exit status
configure:25396: $? = 1
configure: failed program was:
| /* confdefs.h.  */
| #define PACKAGE_NAME ""
| #define PACKAGE_TARNAME ""
| #define PACKAGE_VERSION ""
| #define PACKAGE_STRING ""
| #define PACKAGE_BUGREPORT ""
| #define PACKAGE "poof2"
| #define VERSION "0.1"
| #define HAVE_TEMPLATE_REPOSITORY 1
| #define KDELIBSUFF ""
| #define STDC_HEADERS 1
| #define HAVE_SYS_TYPES_H 1
| #define HAVE_SYS_STAT_H 1
| #define HAVE_STDLIB_H 1
| #define HAVE_STRING_H 1
| #define HAVE_MEMORY_H 1
| #define HAVE_STRINGS_H 1
| #define HAVE_INTTYPES_H 1
| #define HAVE_STDINT_H 1
| #define HAVE_UNISTD_H 1
| #define HAVE_DLFCN_H 1
| #define HAVE_CRYPT 1
| #define ksize_t socklen_t
| #define HAVE_SYS_TYPES_H 1
| #define HAVE_STDINT_H 1
| #define HAVE_RES_INIT 1
| #define HAVE_RES_INIT 1
| #define SIZEOF_INT 4
| #define SIZEOF_LONG 4
| #define SIZEOF_CHAR_P 4
| #define SIZEOF_CHAR 1
| #define HAVE_VSNPRINTF 1
| #define HAVE_SNPRINTF 1
| #define HAVE_LIBZ 1
| #define HAVE_LIBPNG 1
| /* end confdefs.h.  */
| /* Override any gcc2 internal prototype to avoid an error.  */
| struct jpeg_decompress_struct;
| typedef struct jpeg_decompress_struct * j_decompress_ptr;
| typedef int size_t;
| #ifdef __cplusplus
| extern "C" {
| #endif
|     void jpeg_CreateDecompress(j_decompress_ptr cinfo,
|                                     int version, size_t structsize);
| #ifdef __cplusplus
| }
| #endif
| /* We use char because int might match the return type of a gcc2
|     builtin and then its argument prototype would still apply.  */
| 
| int
| main ()
| {
| jpeg_CreateDecompress(0L, 0, 0);
|   ;
|   return 0;
| }
configure:25439: result: no
configure:25442: checking for libjpeg
configure:25493: gcc -o conftest -ansi -W -Wall -pedantic -Wshadow -Wpointer-arith -Wmissing-prototypes -Wwrite-strings -D_XOPEN_SOURCE=500 -D_BSD_SOURCE -O2   -I.   -D_REENTRANT  conftest.c -L/usr/X11R6/lib  -ljpeg -lm >&5
configure:25499: $? = 0
configure:25506: test -z "$ac_c_werror_flag" || test ! -s conftest.err
configure:25509: $? = 0
configure:25516: test -s conftest
configure:25519: $? = 0
configure:25539: result: -ljpeg
configure: 25563: ${prefix}/include/jpeglib.h
configure: 25563: /usr/include/jpeglib.h
taking that
configure:25736: checking for Qt
configure: 25801: /usr/lib/qt3/include/qstyle.h
configure: 25801: /usr/lib/qt3/qstyle.h
configure: 25801: /usr/lib/qt/include/qstyle.h
configure: 25801: /usr/lib/qt/qstyle.h
configure: 25801: /usr/share/qt3/include/qstyle.h
taking that
tried NO
tried /usr/lib/qt3/lib
tried /usr/lib/qt3
tried /usr/lib/qt/lib
tried /usr/lib/qt
configure:25912: rm -rf SunWS_cache; g++-3.4 -o conftest -Wnon-virtual-dtor -Wno-long-long -Wundef -Wall -pedantic -W -Wpointer-arith -Wmissing-prototypes -Wwrite-strings -ansi -D_XOPEN_SOURCE=500 -D_BSD_SOURCE -Wcast-align -Wconversion -O2 -fno-exceptions -fno-check-new -I/usr/share/qt3/include -I.  -DQT_THREAD_SUPPORT  -D_REENTRANT  -L/usr/share/qt3/lib -L/usr/X11R6/lib   conftest.cpp  -lqt-mt -lpng -lz -lm -ljpeg -ldl  -lXext -lX11 -lSM -lICE  -lpthread 1>&5
cc1plus: warning: command line option "-Wmissing-prototypes" is valid for Ada/C/ObjC/Pascal but not for C++
configure:25915: $? = 0
configure:25974: result: libraries /usr/share/qt3/lib, headers /usr/share/qt3/include using -mt
configure:25984: checking if Qt compiles without flags
configure:26080: rm -rf SunWS_cache; g++-3.4 -o conftest -Wnon-virtual-dtor -Wno-long-long -Wundef -Wall -pedantic -W -Wpointer-arith -Wmissing-prototypes -Wwrite-strings -ansi -D_XOPEN_SOURCE=500 -D_BSD_SOURCE -Wcast-align -Wconversion -O2 -fno-exceptions -fno-check-new -I/usr/share/qt3/include  -DQT_THREAD_SUPPORT  -D_REENTRANT  -L/usr/X11R6/lib conftest.cpp -lqt-mt -lpng -lz -lm -ljpeg -ldl  -lXext -lX11 -lSM -lICE  -lXext -lX11  1>&5
cc1plus: warning: command line option "-Wmissing-prototypes" is valid for Ada/C/ObjC/Pascal but not for C++
configure:26083: $? = 0
configure:26112: result: yes
configure:26154: checking for moc
configure:26223: result: /usr/share/qt3/bin/moc
configure:26231: checking for uic
configure:26282: result: /usr/share/qt3/bin/uic
configure:26310: checking whether uic supports -L 
configure:26321: /usr/share/qt3/bin/uic -L /nonexistant conftest.ui >/dev/null
configure:26324: $? = 0
configure:26336: result: yes
configure:26348: checking whether uic supports -nounload 
configure:26359: /usr/share/qt3/bin/uic -nounload  conftest.ui >/dev/null
configure:26362: $? = 0
configure:26374: result: yes
configure:26410: checking if Qt needs -ljpeg
configure:26455: rm -rf SunWS_cache; g++-3.4 -o conftest -Wnon-virtual-dtor -Wno-long-long -Wundef -Wall -pedantic -W -Wpointer-arith -Wmissing-prototypes -Wwrite-strings -ansi -D_XOPEN_SOURCE=500 -D_BSD_SOURCE -Wcast-align -Wconversion -O2 -fno-exceptions -fno-check-new -I/usr/share/qt3/include -I.   -DQT_THREAD_SUPPORT  -D_REENTRANT  conftest.cpp -L/usr/X11R6/lib -lqt-mt -lpng -lz -lm  -ldl -lXext -lX11 -lSM -lICE 1>&5
cc1plus: warning: command line option "-Wmissing-prototypes" is valid for Ada/C/ObjC/Pascal but not for C++
conftest.cpp: In function `int main()':
conftest.cpp:45: warning: 'argv' might be used uninitialized in this function
configure:26461: $? = 0
configure:26468: test -z "$ac_cxx_werror_flag" || test ! -s conftest.err
configure:26471: $? = 0
configure:26478: test -s conftest
configure:26481: $? = 0
configure:26510: result: no
configure:26536: checking for rpath
configure:26562: result: yes
configure:26565: checking for KDE
configure: 26613: /opt/projects/poof2/poof2/package/include/ksharedptr.h
configure: 26613: /usr/lib/kde/include/ksharedptr.h
configure: 26613: /usr/local/kde/include/ksharedptr.h
configure: 26613: /usr/local/include/ksharedptr.h
configure: 26613: /usr/kde/include/ksharedptr.h
configure: 26613: /usr/include/kde/ksharedptr.h
taking that
configure: 26643: /opt/projects/poof2/poof2/package/lib/libkio.la
configure: 26643: ${exec_prefix}/lib/libkio.la
configure: 26643: /usr/lib/kde/lib/libkio.la
configure: 26643: /usr/local/kde/lib/libkio.la
configure: 26643: /usr/kde/lib/libkio.la
configure: 26643: /usr/lib/kde/libkio.la
configure: 26643: /usr/lib/kde3/libkio.la
configure: 26643: /usr/lib/libkio.la
taking that
configure: 26661: /opt/projects/poof2/poof2/package/lib/kde3/plugins/designer/kdewidgets.la
configure: 26661: ${exec_prefix}/lib/kde3/plugins/designer/kdewidgets.la
configure: 26661: /usr/lib/kde/lib/kde3/plugins/designer/kdewidgets.la
configure: 26661: /usr/local/kde/lib/kde3/plugins/designer/kdewidgets.la
configure: 26661: /usr/kde/lib/kde3/plugins/designer/kdewidgets.la
configure: 26661: /usr/lib/kde/kde3/plugins/designer/kdewidgets.la
configure: 26661: /usr/lib/kde3/kde3/plugins/designer/kdewidgets.la
configure: 26661: /usr/lib/kde3/plugins/designer/kdewidgets.la
taking that
configure:26734: result: libraries /usr/lib, headers /usr/include/kde
configure:26771: checking if UIC has KDE plugins available
configure:26798: /usr/share/qt3/bin/uic -L /usr/lib/kde3/plugins/designer -nounload -impl actest.h actest.ui > actest.cpp
configure:26801: $? = 0
configure:26813: result: yes
configure:26852: checking for KDE paths
configure:27410: result: defaults
configure:27430: checking for dcopidl
configure:27489: result: /usr/bin/dcopidl
configure:27496: checking for dcopidl2cpp
configure:27555: result: /usr/bin/dcopidl2cpp
configure:27562: checking for mcopidl
configure:27621: result: /usr/bin/mcopidl
configure:27628: checking for artsc-config
configure:27687: result: /usr/bin/artsc-config
configure:27694: checking for kde-config
configure:27745: result: /usr/bin/kde-config
configure:27752: checking for meinproc
configure:27803: result: /usr/bin/meinproc
configure: 27819: /usr/share/kde/apps/ksgmltools2/customization/kde-chunk.xsl
configure: 27819: /usr/local/share/apps/ksgmltools2/customization/kde-chunk.xsl
configure: 27819: /usr/share/apps/ksgmltools2/customization/kde-chunk.xsl
taking that
configure:27987: checking if asinsfaz should be compiled
configure:27999: result: no
configure:27987: checking if doc should be compiled
configure:27999: result: yes
configure:27987: checking if po should be compiled
configure:27999: result: yes
configure:27987: checking if poof2 should be compiled
configure:27999: result: yes
configure:28129: creating ./config.status

## ---------------------- ##
## Running config.status. ##
## ---------------------- ##

This file was extended by config.status, which was
generated by GNU Autoconf 2.60.  Invocation command line was

  CONFIG_FILES    = 
  CONFIG_HEADERS  = 
  CONFIG_LINKS    = 
  CONFIG_COMMANDS = 
  $ ./config.status 

on moria

config.status:749: creating Makefile
config.status:884: WARNING:  Makefile.in seems to ignore the --datarootdir setting
config.status:749: creating doc/Makefile
config.status:884: WARNING:  doc/Makefile.in seems to ignore the --datarootdir setting
config.status:749: creating doc/en/Makefile
config.status:884: WARNING:  doc/en/Makefile.in seems to ignore the --datarootdir setting
config.status:749: creating po/Makefile
config.status:884: WARNING:  po/Makefile.in seems to ignore the --datarootdir setting
config.status:749: creating poof2/Makefile
config.status:884: WARNING:  poof2/Makefile.in seems to ignore the --datarootdir setting
config.status:749: creating config.h
config.status:987: config.h is unchanged
config.status:1000: executing depfiles commands

## ---------------- ##
## Cache variables. ##
## ---------------- ##

ac_cv_build=i686-pc-linux-gnu
ac_cv_c_compiler_gnu=yes
ac_cv_cxx_compiler_gnu=yes
ac_cv_env_CCC_set=
ac_cv_env_CCC_value=
ac_cv_env_CC_set=
ac_cv_env_CC_value=
ac_cv_env_CFLAGS_set=
ac_cv_env_CFLAGS_value=
ac_cv_env_CPPFLAGS_set=
ac_cv_env_CPPFLAGS_value=
ac_cv_env_CPP_set=
ac_cv_env_CPP_value=
ac_cv_env_CXXCPP_set=
ac_cv_env_CXXCPP_value=
ac_cv_env_CXXFLAGS_set=
ac_cv_env_CXXFLAGS_value=
ac_cv_env_CXX_set=set
ac_cv_env_CXX_value=g++-3.4
ac_cv_env_LDFLAGS_set=
ac_cv_env_LDFLAGS_value=
ac_cv_env_XMKMF_set=
ac_cv_env_XMKMF_value=
ac_cv_env_build_alias_set=
ac_cv_env_build_alias_value=
ac_cv_env_host_alias_set=
ac_cv_env_host_alias_value=
ac_cv_env_target_alias_set=
ac_cv_env_target_alias_value=
ac_cv_func__NSGetEnviron=no
ac_cv_func_connect=yes
ac_cv_func_inet_ntoa=yes
ac_cv_func_remove=yes
ac_cv_func_shmat=yes
ac_cv_func_snprintf=yes
ac_cv_func_vsnprintf=yes
ac_cv_have_dlfcn=yes
ac_cv_have_kde='have_kde=yes     ac_kde_includes=/usr/include/kde ac_kde_libraries=/usr/lib'
ac_cv_have_qt='have_qt=yes     ac_qt_includes=/usr/share/qt3/include ac_qt_libraries=/usr/share/qt3/lib'
ac_cv_have_xinerama=no
ac_cv_header_CoreAudio_CoreAudio_h=no
ac_cv_header_crt_externs_h=no
ac_cv_header_dlfcn_h=yes
ac_cv_header_inttypes_h=yes
ac_cv_header_memory_h=yes
ac_cv_header_stdc=yes
ac_cv_header_stdint_h=yes
ac_cv_header_stdlib_h=yes
ac_cv_header_string_h=yes
ac_cv_header_strings_h=yes
ac_cv_header_sys_stat_h=yes
ac_cv_header_sys_types_h=yes
ac_cv_header_unistd_h=yes
ac_cv_host=i686-pc-linux-gnu
ac_cv_lib_ICE_IceConnectionNumber=yes
ac_cv_lib_compat_main=no
ac_cv_lib_crypt_crypt=yes
ac_cv_lib_dl_dlopen=yes
ac_cv_lib_dld_shl_unload=no
ac_cv_lib_dnet_dnet_ntoa=no
ac_cv_lib_dnet_stub_dnet_ntoa=no
ac_cv_lib_jpeg_6b=no
ac_cv_lib_jpeg_normal=-ljpeg
ac_cv_lib_png='-lpng -lz -lm'
ac_cv_lib_poll_poll=no
ac_cv_lib_pthread_pthread_create=yes
ac_cv_lib_ucb_killpg=no
ac_cv_lib_util_main=yes
ac_cv_lib_z=-lz
ac_cv_objext=o
ac_cv_path_EGREP='/bin/grep -E'
ac_cv_path_GMSGFMT=/usr/bin/msgfmt
ac_cv_path_GREP=/bin/grep
ac_cv_path_MSGFMT=/usr/bin/msgfmt
ac_cv_path_XGETTEXT=/usr/bin/xgettext
ac_cv_path_install='/usr/bin/install -c'
ac_cv_prog_AWK=gawk
ac_cv_prog_CPP='gcc -E'
ac_cv_prog_CXXCPP='g++-3.4 -E'
ac_cv_prog_ac_ct_CC=gcc
ac_cv_prog_ac_ct_RANLIB=ranlib
ac_cv_prog_ac_ct_STRIP=strip
ac_cv_prog_cc_c89=
ac_cv_prog_cc_g=yes
ac_cv_prog_cxx_g=yes
ac_cv_prog_make_make_set=yes
ac_cv_sizeof_char=1
ac_cv_sizeof_char_p=4
ac_cv_sizeof_int=4
ac_cv_sizeof_long=4
ac_cv_socklen_t=socklen_t
ac_cv_target=i686-pc-linux-gnu
ac_cv_type_char=yes
ac_cv_type_char_p=yes
ac_cv_type_int=yes
ac_cv_type_long=yes
am_cv_CC_dependencies_compiler_type=gcc3
am_cv_CXX_dependencies_compiler_type=gcc3
kde_cv_all_paths='kde_have_all_paths="yes" 	kde_htmldir="\${prefix}/share/doc/HTML" 	kde_appsdir="\${prefix}/share/applnk" 	kde_icondir="\${prefix}/share/icons" 	kde_sounddir="\${prefix}/share/sounds" 	kde_datadir="\${prefix}/share/apps" 	kde_locale="\${prefix}/share/locale" 	kde_cgidir="\${exec_prefix}/cgi-bin" 	kde_confdir="\${prefix}/share/config" 	kde_mimedir="\${prefix}/share/mimelnk" 	kde_toolbardir="\${prefix}/share/toolbar" 	kde_wallpaperdir="\${prefix}/share/wallpapers" 	kde_templatesdir="\${prefix}/share/templates" 	kde_bindir="\${exec_prefix}/bin" 	kde_servicesdir="\${prefix}/share/services" 	kde_servicetypesdir="\${prefix}/share/servicetypes" 	kde_moduledir="\${libdir}/kde3"    kde_styledir="\${libdir}/kde3/plugins/styles" 	kde_widgetdir="/usr/lib/kde3/plugins/designer" 	kde_result=defaults'
kde_cv_have_libXext=yes
kde_cv_have_x='have_x=yes          kde_x_includes=. kde_x_libraries=/usr/X11R6/lib'
kde_cv_path=/usr/bin/meinproc
kde_cv_path_artsc_config=/usr/bin/artsc-config
kde_cv_path_dcopidl2cpp=/usr/bin/dcopidl2cpp
kde_cv_path_dcopidl=/usr/bin/dcopidl
kde_cv_path_kde_config=/usr/bin/kde-config
kde_cv_path_mcopidl=/usr/bin/mcopidl
kde_cv_path_meinproc=/usr/bin/meinproc
kde_cv_path_moc=/usr/share/qt3/bin/moc
kde_cv_path_uic=/usr/share/qt3/bin/uic
kde_cv_prog_cxx_Wno_long_long=yes
kde_cv_prog_cxx_Wnon_virtual_dtor=yes
kde_cv_prog_cxx_Wundef=yes
kde_cv_prog_cxx_fexceptions=yes
kde_cv_prog_cxx_fno_check_new=yes
kde_cv_prog_cxx_fno_exceptions=yes
kde_cv_prog_cxx_frepo=yes
kde_cv_prog_uic_L=yes
kde_cv_prog_uic_nounload=yes
kde_cv_qt_direct=yes
kde_cv_qt_jpeg=no
kde_cv_uic_plugins=yes
lt_cv_deplibs_check_method=pass_all
lt_cv_file_magic_cmd='$MAGIC_CMD'
lt_cv_file_magic_test_file='/lib/libc.so.6 /lib/libc-2.3.2.so'
lt_cv_ld_reload_flag=-r
lt_cv_objdir=.libs
lt_cv_path_LD=/usr/bin/ld
lt_cv_path_NM='/usr/bin/nm -B'
lt_cv_path_SED=/bin/sed
lt_cv_prog_compiler_c_o=yes
lt_cv_prog_compiler_c_o_CXX=no
lt_cv_prog_compiler_c_o_GCJ=no
lt_cv_prog_compiler_rtti_exceptions=no
lt_cv_prog_gnu_ld=yes
lt_cv_sys_global_symbol_pipe='sed -n -e '\''s/^.*[ 	]\([ABCDGISTW][ABCDGISTW]*\)[ 	][ 	]*\(\)\([_A-Za-z][_A-Za-z0-9]*\)$/\1 \2\3 \3/p'\'''
lt_cv_sys_global_symbol_to_c_name_address='sed -n -e '\''s/^: \([^ ]*\) $/  {\"\1\", (lt_ptr) 0},/p'\'' -e '\''s/^[BCDEGRST] \([^ ]*\) \([^ ]*\)$/  {"\2", (lt_ptr) \&\2},/p'\'''
lt_cv_sys_global_symbol_to_cdecl='sed -n -e '\''s/^. .* \(.*\)$/extern int \1;/p'\'''
lt_cv_sys_max_cmd_len=32768
lt_lt_cv_prog_compiler_c_o='"yes"'
lt_lt_cv_prog_compiler_c_o_CXX='"no"'
lt_lt_cv_prog_compiler_c_o_GCJ='"no"'
lt_lt_cv_sys_global_symbol_pipe='"sed -n -e '\''s/^.*[ 	]\\([ABCDGISTW][ABCDGISTW]*\\)[ 	][ 	]*\\(\\)\\([_A-Za-z][_A-Za-z0-9]*\\)\$/\\1 \\2\\3 \\3/p'\''"'
lt_lt_cv_sys_global_symbol_to_c_name_address='"sed -n -e '\''s/^: \\([^ ]*\\) \$/  {\\\"\\1\\\", (lt_ptr) 0},/p'\'' -e '\''s/^[BCDEGRST] \\([^ ]*\\) \\([^ ]*\\)\$/  {\"\\2\", (lt_ptr) \\&\\2},/p'\''"'
lt_lt_cv_sys_global_symbol_to_cdecl='"sed -n -e '\''s/^. .* \\(.*\\)\$/extern int \\1;/p'\''"'

## ----------------- ##
## Output variables. ##
## ----------------- ##

ACLOCAL='${SHELL} /opt/projects/poof2/poof2/trunk/admin/missing --run aclocal-1.6'
AMDEPBACKSLASH='\'
AMDEP_FALSE='#'
AMDEP_TRUE=''
AMTAR='${SHELL} /opt/projects/poof2/poof2/trunk/admin/missing --run tar'
ARTSCCONFIG='/usr/bin/artsc-config'
AUTOCONF='${SHELL} /opt/projects/poof2/poof2/trunk/admin/missing --run autoconf'
AUTODIRS=''
AUTOHEADER='${SHELL} /opt/projects/poof2/poof2/trunk/admin/missing --run autoheader'
AUTOMAKE='${SHELL} /opt/projects/poof2/poof2/trunk/admin/missing --run automake-1.6'
AWK='gawk'
CC='gcc'
CCDEPMODE='depmode=gcc3'
CFLAGS='-ansi -W -Wall -pedantic -Wshadow -Wpointer-arith -Wmissing-prototypes -Wwrite-strings -D_XOPEN_SOURCE=500 -D_BSD_SOURCE -O2  '
CONF_FILES=' $(top_srcdir)/./admin/configure.in.min $(top_srcdir)/configure.in.in'
CPP='gcc -E'
CPPFLAGS=' -DQT_THREAD_SUPPORT  -D_REENTRANT'
CXX='g++-3.4'
CXXCPP='g++-3.4 -E'
CXXDEPMODE='depmode=gcc3'
CXXFLAGS='-Wnon-virtual-dtor -Wno-long-long -Wundef -Wall -pedantic -W -Wpointer-arith -Wmissing-prototypes -Wwrite-strings -ansi -D_XOPEN_SOURCE=500 -D_BSD_SOURCE -Wcast-align -Wconversion -O2 -fno-exceptions -fno-check-new'
DCOPIDL2CPP='/usr/bin/dcopidl2cpp'
DCOPIDL='/usr/bin/dcopidl'
DCOP_DEPENDENCIES='$(DCOPIDL)'
DEFS='-DHAVE_CONFIG_H'
DEPDIR='.deps'
ECHO='echo'
ECHO_C=''
ECHO_N='-n'
ECHO_T=''
EGREP='/bin/grep -E'
EXEEXT=''
FRAMEWORK_COREAUDIO=''
GMSGFMT='/usr/bin/msgfmt'
GREP='/bin/grep'
INSTALL_DATA='${INSTALL} -m 644'
INSTALL_PROGRAM='${INSTALL} $(INSTALL_STRIP_FLAG)'
INSTALL_SCRIPT='${INSTALL}'
INSTALL_STRIP_PROGRAM='${SHELL} $(install_sh) -c -s'
KDECONFIG='/usr/bin/kde-config'
KDE_EXTRA_RPATH=''
KDE_INCLUDES='-I/usr/include/kde'
KDE_LDFLAGS='-L/usr/lib'
KDE_MT_LDFLAGS=''
KDE_MT_LIBS='-lpthread'
KDE_PLUGIN='-avoid-version -module -no-undefined $(KDE_RPATH) $(KDE_MT_LDFLAGS)'
KDE_RPATH='-R $(kde_libraries) -R $(x_libraries)'
KDE_USE_CLOSURE_FALSE='#'
KDE_USE_CLOSURE_TRUE=''
KDE_USE_FINAL_FALSE=''
KDE_USE_FINAL_TRUE='#'
KDE_XSL_STYLESHEET='/usr/share/apps/ksgmltools2/customization/kde-chunk.xsl'
LDFLAGS=''
LIBCOMPAT=''
LIBCRYPT='-lcrypt'
LIBDL='-ldl'
LIBJPEG='-ljpeg'
LIBOBJS=''
LIBPNG='-lpng -lz -lm'
LIBPTHREAD='-lpthread'
LIBRESOLV='-lresolv'
LIBS=''
LIBSM='-lSM -lICE'
LIBSOCKET=''
LIBTOOL='$(SHELL) $(top_builddir)/libtool --silent'
LIBUCB=''
LIBUTIL='-lutil'
LIBXINERAMA=''
LIBZ='-lz'
LIB_KAB='-lkab'
LIB_KABC='-lkabc'
LIB_KDECORE='-lkdecore'
LIB_KDEPRINT='-lkdeprint'
LIB_KDEUI='-lkdeui'
LIB_KFILE='-lkio'
LIB_KFM=''
LIB_KHTML='-lkhtml'
LIB_KIO='-lkio'
LIB_KPARTS='-lkparts'
LIB_KSPELL='-lkspell'
LIB_KSYCOCA='-lkio'
LIB_POLL=''
LIB_QPE=''
LIB_QT='-lqt-mt  $(LIBPNG) -lXext $(LIB_X11) $(LIBSM) -lpthread'
LIB_SMB='-lsmb'
LIB_X11='-lX11 $(LIBSOCKET)'
LIB_XEXT='-lXext'
LN_S='ln -s'
LTLIBOBJS=''
MAKEINFO='${SHELL} /opt/projects/poof2/poof2/trunk/admin/missing --run makeinfo'
MCOPIDL='/usr/bin/mcopidl'
MEINPROC='/usr/bin/meinproc'
MOC='/usr/share/qt3/bin/moc'
MSGFMT='/usr/bin/msgfmt'
NOOPT_CFLAGS='-O0'
NOOPT_CXXFLAGS='-O0'
NOREPO='-fno-repo'
OBJEXT='o'
PACKAGE='poof2'
PACKAGE_BUGREPORT=''
PACKAGE_NAME=''
PACKAGE_STRING=''
PACKAGE_TARNAME=''
PACKAGE_VERSION=''
PATH_SEPARATOR=':'
QTE_NORTTI=''
QT_INCLUDES='-I/usr/share/qt3/include'
QT_LDFLAGS=''
RANLIB='ranlib'
REPO='-frepo'
SET_MAKE=''
SHELL='/bin/sh'
STRIP='strip'
TOPSUBDIRS=' doc po poof2'
UIC='/usr/share/qt3/bin/uic -L $(kde_widgetdir) -nounload'
UIC_TR='tr2i18n'
USER_INCLUDES=''
USER_LDFLAGS=''
USE_EXCEPTIONS='-fexceptions'
USE_RTTI=''
USE_THREADS=''
VERSION='0.1'
WOVERLOADED_VIRTUAL=''
XGETTEXT='/usr/bin/xgettext'
XMKMF=''
X_EXTRA_LIBS=''
X_INCLUDES='-I.'
X_LDFLAGS='-L/usr/X11R6/lib'
X_PRE_LIBS=''
ac_ct_CC='gcc'
ac_ct_CXX=''
all_includes='-I/usr/include/kde -I/usr/share/qt3/include -I. '
all_libraries='-L/usr/X11R6/lib -L/usr/lib '
am__include='include'
am__quote=''
bindir='${exec_prefix}/bin'
build='i686-pc-linux-gnu'
build_alias=''
build_cpu='i686'
build_os='linux-gnu'
build_vendor='pc'
datadir='${datarootdir}'
datarootdir='${prefix}/share'
docdir='${datarootdir}/doc/${PACKAGE}'
dvidir='${docdir}'
exec_prefix='${prefix}'
host='i686-pc-linux-gnu'
host_alias=''
host_cpu='i686'
host_os='linux-gnu'
host_vendor='pc'
htmldir='${docdir}'
includedir='${prefix}/include'
infodir='${datarootdir}/info'
install_sh='/opt/projects/poof2/poof2/trunk/admin/install-sh'
kde_appsdir='${prefix}/share/applnk'
kde_bindir='${exec_prefix}/bin'
kde_confdir='${prefix}/share/config'
kde_datadir='${prefix}/share/apps'
kde_htmldir='${prefix}/share/doc/HTML'
kde_icondir='${prefix}/share/icons'
kde_includes='/usr/include/kde'
kde_libraries='/usr/lib'
kde_libs_htmldir='/usr/share/doc/kde/HTML'
kde_libs_prefix='/usr'
kde_locale='${prefix}/share/locale'
kde_mimedir='${prefix}/share/mimelnk'
kde_moduledir='${libdir}/kde3'
kde_qtver='3'
kde_servicesdir='${prefix}/share/services'
kde_servicetypesdir='${prefix}/share/servicetypes'
kde_sounddir='${prefix}/share/sounds'
kde_styledir='${libdir}/kde3/plugins/styles'
kde_templatesdir='${prefix}/share/templates'
kde_wallpaperdir='${prefix}/share/wallpapers'
kde_widgetdir='/usr/lib/kde3/plugins/designer'
libdir='${exec_prefix}/lib'
libexecdir='${exec_prefix}/libexec'
localedir='${datarootdir}/locale'
localstatedir='${prefix}/var'
mandir='${datarootdir}/man'
oldincludedir='/usr/include'
pdfdir='${docdir}'
prefix='/opt/projects/poof2/poof2/package'
program_transform_name='s,x,x,'
psdir='${docdir}'
qt_includes='/usr/share/qt3/include'
qt_libraries=''
sbindir='${exec_prefix}/sbin'
sharedstatedir='${prefix}/com'
sysconfdir='${prefix}/etc'
target='i686-pc-linux-gnu'
target_alias=''
target_cpu='i686'
target_os='linux-gnu'
target_vendor='pc'
x_includes='.'
x_libraries='/usr/X11R6/lib'

## ----------- ##
## confdefs.h. ##
## ----------- ##

#define PACKAGE_NAME ""
#define PACKAGE_TARNAME ""
#define PACKAGE_VERSION ""
#define PACKAGE_STRING ""
#define PACKAGE_BUGREPORT ""
#define PACKAGE "poof2"
#define VERSION "0.1"
#define HAVE_TEMPLATE_REPOSITORY 1
#define KDELIBSUFF ""
#define STDC_HEADERS 1
#define HAVE_SYS_TYPES_H 1
#define HAVE_SYS_STAT_H 1
#define HAVE_STDLIB_H 1
#define HAVE_STRING_H 1
#define HAVE_MEMORY_H 1
#define HAVE_STRINGS_H 1
#define HAVE_INTTYPES_H 1
#define HAVE_STDINT_H 1
#define HAVE_UNISTD_H 1
#define HAVE_DLFCN_H 1
#define HAVE_CRYPT 1
#define ksize_t socklen_t
#define HAVE_SYS_TYPES_H 1
#define HAVE_STDINT_H 1
#define HAVE_RES_INIT 1
#define HAVE_RES_INIT 1
#define SIZEOF_INT 4
#define SIZEOF_LONG 4
#define SIZEOF_CHAR_P 4
#define SIZEOF_CHAR 1
#define HAVE_VSNPRINTF 1
#define HAVE_SNPRINTF 1
#define HAVE_LIBZ 1
#define HAVE_LIBPNG 1
#define HAVE_LIBJPEG 1
#define HAVE_LIBPTHREAD 1

configure: exit 0
